

Microchip MPLAB XC8 Assembler V2.41 build 20230208172133 
                                                                                                           Tue Jul 18 09:08:25 2023


     1                           	processor	18F4550
     2                           	pagewidth 132
     3                           	psect	const,global,reloc=2,class=CONST,delta=1,noexec
     4                           	psect	smallconst,global,reloc=2,class=SMALLCONST,delta=1,noexec
     5                           	psect	mediumconst,global,reloc=2,class=MEDIUMCONST,delta=1,noexec
     6                           	psect	rbss,global,class=COMRAM,space=1,delta=1,noexec
     7                           	psect	bss,global,class=RAM,space=1,delta=1,noexec
     8                           	psect	rdata,global,class=COMRAM,space=1,delta=1,noexec
     9                           	psect	irdata,global,reloc=2,class=CODE,delta=1,noexec
    10                           	psect	data,global,class=RAM,space=1,delta=1,noexec
    11                           	psect	idata,global,reloc=2,class=CODE,delta=1,noexec
    12                           	psect	nvrram,global,class=COMRAM,space=1,delta=1,noexec
    13                           	psect	nvbit,global,bit,class=COMRAM,space=1,delta=1,noexec
    14                           	psect	temp,global,ovrld,class=COMRAM,space=1,delta=1,noexec
    15                           	psect	struct,global,ovrld,class=COMRAM,space=1,delta=1,noexec
    16                           	psect	rbit,global,bit,class=COMRAM,space=1,delta=1,noexec
    17                           	psect	bigbss,global,class=BIGRAM,space=1,delta=1,noexec
    18                           	psect	bigdata,global,class=BIGRAM,space=1,delta=1,noexec
    19                           	psect	ibigdata,global,reloc=2,class=CODE,delta=1,noexec
    20                           	psect	farbss,global,reloc=2,class=FARRAM,delta=1,noexec
    21                           	psect	nvFARRAM,global,reloc=2,class=FARRAM,delta=1,noexec
    22                           	psect	fardata,global,reloc=2,class=FARRAM,delta=1,noexec
    23                           	psect	ifardata,global,reloc=2,class=CODE,delta=1,noexec
    24                           	psect	reset_vec,global,reloc=2,class=CODE,delta=1
    25                           	psect	powerup,global,reloc=2,class=CODE,delta=1
    26                           	psect	init,global,reloc=2,class=CODE,delta=1
    27                           	psect	text,global,reloc=2,class=CODE,delta=1
    28                           	psect	clrtext,global,reloc=2,class=CODE,delta=1
    29                           	psect	config,global,class=CONFIG,space=4,delta=1,noexec
    30                           	psect	idloc,global,class=IDLOC,space=5,delta=1,noexec
    31                           	psect	intcode,global,reloc=2,class=CODE,delta=1
    32                           	psect	intcode_body,global,reloc=2,class=CODE,delta=1
    33                           	psect	intcodelo,global,reloc=2,class=CODE,delta=1
    34                           	psect	intret,global,reloc=2,class=CODE,delta=1
    35                           	psect	intentry,global,reloc=2,class=CODE,delta=1
    36                           	psect	intsave_regs,global,class=BIGRAM,space=1,delta=1
    37                           	psect	eeprom_data,global,class=EEDATA,delta=1,noexec
    38                           	psect	ramtop,global,class=RAM,delta=1,noexec
    39                           	psect	stack,global,class=STACK,space=2,delta=1,noexec
    40                           	psect	heap,global,class=HEAP,space=7,delta=1,noexec
    41                           	psect	comram,global,class=COMRAM,space=1,delta=1
    42                           	psect	abs1,global,class=ABS1,space=1,delta=1
    43                           	psect	bigram,global,class=BIGRAM,space=1,delta=1
    44                           	psect	ram,global,class=RAM,space=1,delta=1
    45                           	psect	bank0,global,class=BANK0,space=1,delta=1
    46                           	psect	bank1,global,class=BANK1,space=1,delta=1
    47                           	psect	bank2,global,class=BANK2,space=1,delta=1
    48                           	psect	bank3,global,class=BANK3,space=1,delta=1
    49                           	psect	bank4,global,class=BANK4,space=1,delta=1
    50                           	psect	bank5,global,class=BANK5,space=1,delta=1
    51                           	psect	bank6,global,class=BANK6,space=1,delta=1
    52                           	psect	bank7,global,class=BANK7,space=1,delta=1
    53                           	psect	sfr,global,class=SFR,space=1,delta=1
    54                           	psect	bigsfr,global,class=BIGSFR,space=1,delta=1
    55                           
    56                           ; Microchip MPLAB XC8 C Compiler V2.41
    57                           ; Copyright (C) 2023 Microchip Technology Inc.
    58                           ; Auto-generated runtime startup code for final link stage.
    59                           ;
    60                           ; Compiler options:
    61                           ;
    62                           ; -q --opt=none --chip=18f4550 \
    63                           ; -Mdist/default/debug/test4550.X.debug.map -D__DEBUG=1 --debugger=none \
    64                           ; -DXPRJ_default=default -L--defsym=__MPLAB_BUILD=1 \
    65                           ; --dfp=C:/Program Files/Microchip/MPLABX/v6.10/packs/Microchip/PIC18Fxxxx_DFP/1.4.151/xc8 \
    66                           ; --double=32 --float=32 --emi=wordwrite --opt=+asmfile \
    67                           ; --addrqual=ignore -P --warn=-3 --asmlist \
    68                           ; --summary=-psect,-class,+mem,-hex,-file --output=+inhx32 \
    69                           ; --runtime=+clear --runtime=+init --runtime=+keep --runtime=-download \
    70                           ; --runtime=-config --std=c99 --output=+elf:multilocs \
    71                           ; --stack=compiled:auto:auto:auto --rom=default,-7dc0-7fff \
    72                           ; --ram=default,-3f4-3ff,-f9c-f9c,-fd4-fd4,-fdb-fdf,-fe3-fe7,-feb-fef,-ffd-fff \
    73                           ; --summary=+xml --summarydir=dist/default/debug/memoryfile.xml \
    74                           ; -otest4550.X.debug.elf --objdir=dist/default/debug \
    75                           ; --outdir=dist/default/debug build/default/debug/main.p1 \
    76                           ; build/default/debug/screen.p1 build/default/debug/software_uart.p1 \
    77                           ; build/default/debug/systimer.p1 build/default/debug/input_output.p1 \
    78                           ; build/default/debug/pid.p1 build/default/debug/interrupt_isr.p1 \
    79                           ; -L--fixupoverflow=error --callgraph=none \
    80                           ; --errformat=%f:%l:%c: error: (%n) %s \
    81                           ; --warnformat=%f:%l:%c: warning: (%n) %s \
    82                           ; --msgformat=%f:%l:%c: advisory: (%n) %s
    83                           ;
    84   000000                     
    85                           ; Generated 23/03/2023 GMT
    86                           ; 
    87                           ; Copyright © 2023, Microchip Technology Inc. and its subsidiaries ("Microchip")
    88                           ; All rights reserved.
    89                           ; 
    90                           ; This software is developed by Microchip Technology Inc. and its subsidiaries ("Microchip").
    91                           ; 
    92                           ; Redistribution and use in source and binary forms, with or without modification, are
    93                           ; permitted provided that the following conditions are met:
    94                           ; 
    95                           ;     1. Redistributions of source code must retain the above copyright notice, this list of
    96                           ;        conditions and the following disclaimer.
    97                           ; 
    98                           ;     2. Redistributions in binary form must reproduce the above copyright notice, this list
    99                           ;        of conditions and the following disclaimer in the documentation and/or other
   100                           ;        materials provided with the distribution. Publication is not required when
   101                           ;        this file is used in an embedded application.
   102                           ; 
   103                           ;     3. Microchip's name may not be used to endorse or promote products derived from this
   104                           ;        software without specific prior written permission.
   105                           ; 
   106                           ; THIS SOFTWARE IS PROVIDED BY MICROCHIP "AS IS" AND ANY EXPRESS OR IMPLIED WARRANTIES,
   107                           ; INCLUDING, BUT NOT LIMITED TO, THE IMPLIED WARRANTIES OF MERCHANTABILITY AND FITNESS FOR
   108                           ; PURPOSE ARE DISCLAIMED.  IN NO EVENT SHALL MICROCHIP BE LIABLE FOR ANY DIRECT, INDIRECT,
   109                           ; INCIDENTAL, SPECIAL, EXEMPLARY, OR CONSEQUENTIAL DAMAGES (INCLUDING BUT NOT LIMITED TO
   110                           ; PROCUREMENT OF SUBSTITUTE GOODS OR SERVICES; LOSS OF USE, DATA OR PROFITS; OR BUSINESS
   111                           ; INTERRUPTION) HOWSOEVER CAUSED AND ON ANY THEORY OF LIABILITY, WHETHER IN CONTRACT, STRICT
   112                           ; LIABILITY, OR TORT (INCLUDING NEGLIGENCE OR OTHERWISE) ARISING IN ANY WAY OUT OF THE USE OF
   113                           ; THIS SOFTWARE, EVEN IF ADVISED OF THE POSSIBILITY OF SUCH DAMAGE.
   114                           ; 
   115                           ; 
   116                           ; Code-generator required, PIC18F4550 Definitions
   117                           ; 
   118                           ; SFR Addresses
   119   000000                     
   120                           	psect	smallconst
   121   000800                     __smallconst:
   122                           	callstack 0
   123                           
   124                           	psect	mediumconst
   125   000000                     __mediumconst:
   126                           	callstack 0	; top of RAM usage
   127                           
   128                           	psect	reset_vec
   129   000000                     
   130                           ; No powerup routine
   131                           ; jump to start
   132   000000  EF1F  F000         	goto	start
   133   000000                     
   134                           ;Initialize the stack pointer (FSR1)
   135   000000                     
   136                           	psect	init
   137   00003E                     start:
   138                           	callstack 0
   139   00003E  EF3C  F019         	goto	start_initialization	;jump to C runtime clear & initialization
   140                           
   141                           	psect	text
   142   000000                     intlevel0:
   143                           	callstack 0
   144   000000                     intlevel1:
   145                           	callstack 0
   146   000000                     intlevel2:
   147                           	callstack 0
   148   000000                     intlevel3:
   149                           	callstack 0
   150                           
   151                           	psect	ramtop
   152   000800                     __ramtop:
   153                           	callstack 0
   154                           
   155                           	psect	stack
   156   000000                     ___sp:
   157                           	callstack 0
   158   000000                     ___inthi_sp:
   159                           	callstack 0
   160   000000                     ___intlo_sp:
   161                           	callstack 0
   162                           
   163                           ; No heap to be allocated
   164                           
   165                           	psect	heap
   166   000000                     tosu	equ	0xFFF
   167                           tosh	equ	0xFFE
   168                           tosl	equ	0xFFD
   169                           stkptr	equ	0xFFC
   170                           pclatu	equ	0xFFB
   171                           pclath	equ	0xFFA
   172                           pcl	equ	0xFF9
   173                           tblptru	equ	0xFF8
   174                           tblptrh	equ	0xFF7
   175                           tblptrl	equ	0xFF6
   176                           tablat	equ	0xFF5
   177                           prodh	equ	0xFF4
   178                           prodl	equ	0xFF3
   179                           indf0	equ	0xFEF
   180                           postinc0	equ	0xFEE
   181                           postdec0	equ	0xFED
   182                           preinc0	equ	0xFEC
   183                           plusw0	equ	0xFEB
   184                           fsr0h	equ	0xFEA
   185                           fsr0l	equ	0xFE9
   186                           wreg	equ	0xFE8
   187                           indf1	equ	0xFE7
   188                           postinc1	equ	0xFE6
   189                           postdec1	equ	0xFE5
   190                           preinc1	equ	0xFE4
   191                           plusw1	equ	0xFE3
   192                           fsr1h	equ	0xFE2
   193                           fsr1l	equ	0xFE1
   194                           bsr	equ	0xFE0
   195                           indf2	equ	0xFDF
   196                           postinc2	equ	0xFDE
   197                           postdec2	equ	0xFDD
   198                           preinc2	equ	0xFDC
   199                           plusw2	equ	0xFDB
   200                           fsr2h	equ	0xFDA
   201                           fsr2l	equ	0xFD9
   202                           status	equ	0xFD8


Microchip Technology PIC18 Macro Assembler V2.41 build 20230208172133 
Symbol Table                                                                                               Tue Jul 18 09:08:25 2023

                __S1 019B                 ___sp 0000                 _main 2686                 start 003E  
              __HRAM 0000                __LRAM 0001               isa$std 0001         __mediumconst 0000  
             stackhi 0000               stacklo 0000           __accesstop 0060           ___inthi_sp 0000  
         ___intlo_sp 0000              __ramtop 0800  start_initialization 3278            ___heap_hi 0000  
          ___heap_lo 0000          __smallconst 0800             isa$xinst 0000             intlevel0 0000  
           intlevel1 0000             intlevel2 0000             intlevel3 0000             reset_vec 0000  
